D:\WORKSPACE\TEST\NET_ADAPTER_SHOW\DEBUG\NET_ADAPTER_SHOW.EXE
D:\WORKSPACE\TEST\NET_ADAPTER_SHOW\DEBUG\NET_ADAPTER_SHOW.ILK
D:\WORKSPACE\TEST\NET_ADAPTER_SHOW\DEBUG\NET_ADAPTER_SHOW.PDB
D:\WorkSpace\Test\net_adapter_show\net_adapter_show\Debug\cl.command.1.tlog
D:\WorkSpace\Test\net_adapter_show\net_adapter_show\Debug\CL.read.1.tlog
D:\WorkSpace\Test\net_adapter_show\net_adapter_show\Debug\CL.write.1.tlog
D:\WORKSPACE\TEST\NET_ADAPTER_SHOW\NET_ADAPTER_SHOW\DEBUG\COMPORT.OBJ
D:\WORKSPACE\TEST\NET_ADAPTER_SHOW\NET_ADAPTER_SHOW\DEBUG\FEEDER_CONTROL.OBJ
D:\WorkSpace\Test\net_adapter_show\net_adapter_show\Debug\link.1428.read.1.tlog
D:\WorkSpace\Test\net_adapter_show\net_adapter_show\Debug\link.1428.write.1.tlog
D:\WorkSpace\Test\net_adapter_show\net_adapter_show\Debug\link.1428-cvtres.read.1.tlog
D:\WorkSpace\Test\net_adapter_show\net_adapter_show\Debug\link.1428-cvtres.write.1.tlog
D:\WorkSpace\Test\net_adapter_show\net_adapter_show\Debug\link.2236.read.1.tlog
D:\WorkSpace\Test\net_adapter_show\net_adapter_show\Debug\link.2236.write.1.tlog
D:\WorkSpace\Test\net_adapter_show\net_adapter_show\Debug\link.2236-cvtres.read.1.tlog
D:\WorkSpace\Test\net_adapter_show\net_adapter_show\Debug\link.2236-cvtres.write.1.tlog
D:\WorkSpace\Test\net_adapter_show\net_adapter_show\Debug\link.command.1.tlog
D:\WorkSpace\Test\net_adapter_show\net_adapter_show\Debug\link.read.1.tlog
D:\WorkSpace\Test\net_adapter_show\net_adapter_show\Debug\link.write.1.tlog
D:\WorkSpace\Test\net_adapter_show\net_adapter_show\Debug\link-cvtres.read.1.tlog
D:\WorkSpace\Test\net_adapter_show\net_adapter_show\Debug\link-cvtres.write.1.tlog
D:\WorkSpace\Test\net_adapter_show\net_adapter_show\Debug\mt.command.1.tlog
D:\WorkSpace\Test\net_adapter_show\net_adapter_show\Debug\mt.read.1.tlog
D:\WorkSpace\Test\net_adapter_show\net_adapter_show\Debug\mt.write.1.tlog
D:\WORKSPACE\TEST\NET_ADAPTER_SHOW\NET_ADAPTER_SHOW\DEBUG\MTUSB.OBJ
D:\WORKSPACE\TEST\NET_ADAPTER_SHOW\NET_ADAPTER_SHOW\DEBUG\NET_ADAPTER_SHOW.EXE.EMBED.MANIFEST
D:\WORKSPACE\TEST\NET_ADAPTER_SHOW\NET_ADAPTER_SHOW\DEBUG\NET_ADAPTER_SHOW.EXE.EMBED.MANIFEST.RES
D:\WORKSPACE\TEST\NET_ADAPTER_SHOW\NET_ADAPTER_SHOW\DEBUG\NET_ADAPTER_SHOW.EXE.INTERMEDIATE.MANIFEST
D:\WORKSPACE\TEST\NET_ADAPTER_SHOW\NET_ADAPTER_SHOW\DEBUG\NET_ADAPTER_SHOW.PCH
D:\WorkSpace\Test\net_adapter_show\net_adapter_show\Debug\net_adapter_show_manifest.rc
D:\WorkSpace\Test\net_adapter_show\net_adapter_show\Debug\rc.command.1.tlog
D:\WorkSpace\Test\net_adapter_show\net_adapter_show\Debug\rc.read.1.tlog
D:\WorkSpace\Test\net_adapter_show\net_adapter_show\Debug\rc.write.1.tlog
D:\WORKSPACE\TEST\NET_ADAPTER_SHOW\NET_ADAPTER_SHOW\DEBUG\STDAFX.OBJ
D:\WORKSPACE\TEST\NET_ADAPTER_SHOW\NET_ADAPTER_SHOW\DEBUG\THREADBASE.OBJ
D:\WorkSpace\Test\net_adapter_show\net_adapter_show\Debug\vc100.idb
D:\WORKSPACE\TEST\NET_ADAPTER_SHOW\NET_ADAPTER_SHOW\DEBUG\VC100.PDB
