Build started 2014/3/10 14:12:48.
     1>Project "D:\WorkSpace\Test\net_adapter_show\net_adapter_show\net_adapter_show.vcxproj" on node 2 (build target(s)).
     1>InitializeBuildStatus:
         Creating "Debug\net_adapter_show.unsuccessfulbuild" because "AlwaysCreate" was specified.
       ClCompile:
         All outputs are up-to-date.
         C:\Program Files\Microsoft Visual Studio 10.0\VC\bin\CL.exe /c /ZI /nologo /W3 /WX- /Od /Oy- /D WIN32 /D _DEBUG /D _CONSOLE /Gm /EHsc /RTC1 /MT /GS /fp:precise /Zc:wchar_t /Zc:forScope /Yu"StdAfx.h" /Fp"Debug\net_adapter_show.pch" /Fo"Debug\\" /Fd"Debug\vc100.pdb" /Gd /TP /analyze- /errorReport:prompt comport.cpp
         comport.cpp
     1>d:\workspace\test\net_adapter_show\net_adapter_show\feeder_control.h(55): warning C4996: 'strcpy': This function or variable may be unsafe. Consider using strcpy_s instead. To disable deprecation, use _CRT_SECURE_NO_WARNINGS. See online help for details.
                 c:\program files\microsoft visual studio 10.0\vc\include\string.h(105) : see declaration of 'strcpy'
       ManifestResourceCompile:
         All outputs are up-to-date.
       Link:
         C:\Program Files\Microsoft Visual Studio 10.0\VC\bin\link.exe /ERRORREPORT:PROMPT /OUT:"D:\WorkSpace\Test\net_adapter_show\Debug\net_adapter_show.exe" /INCREMENTAL /NOLOGO kernel32.lib user32.lib gdi32.lib winspool.lib comdlg32.lib advapi32.lib shell32.lib ole32.lib oleaut32.lib uuid.lib odbc32.lib odbccp32.lib Iphlpapi.lib kernel32.lib user32.lib gdi32.lib winspool.lib comdlg32.lib advapi32.lib shell32.lib ole32.lib oleaut32.lib uuid.lib odbc32.lib odbccp32.lib /MANIFEST /ManifestFile:"Debug\net_adapter_show.exe.intermediate.manifest" /MANIFESTUAC:"level='asInvoker' uiAccess='false'" /DEBUG /PDB:"D:\WorkSpace\Test\net_adapter_show\Debug\net_adapter_show.pdb" /SUBSYSTEM:CONSOLE /TLBID:1 /DYNAMICBASE /NXCOMPAT /IMPLIB:"D:\WorkSpace\Test\net_adapter_show\Debug\net_adapter_show.lib" /MACHINE:X86 Debug\net_adapter_show.exe.embed.manifest.res
         Debug\bulkwrite.obj
         Debug\comport.obj
         Debug\feeder_control.obj
         Debug\mtusb.obj
         Debug\stdafx.obj
         Debug\threadbase.obj
         Debug\UsbBulkThread.obj
       Manifest:
         C:\Program Files\Microsoft SDKs\Windows\v7.0A\bin\mt.exe /nologo /verbose /out:"Debug\net_adapter_show.exe.embed.manifest" /manifest Debug\net_adapter_show.exe.intermediate.manifest
         All outputs are up-to-date.
       LinkEmbedManifest:
         All outputs are up-to-date.
         net_adapter_show.vcxproj -> D:\WorkSpace\Test\net_adapter_show\Debug\net_adapter_show.exe
       FinalizeBuildStatus:
         Deleting file "Debug\net_adapter_show.unsuccessfulbuild".
         Touching "Debug\net_adapter_show.lastbuildstate".
     1>Done Building Project "D:\WorkSpace\Test\net_adapter_show\net_adapter_show\net_adapter_show.vcxproj" (build target(s)).

Build succeeded.

Time Elapsed 00:00:00.91
